[debug] [2023-10-10T21:41:04.122Z] ----------------------------------------------------------------------
[debug] [2023-10-10T21:41:04.126Z] Command:       C:\Program Files\nodejs\node.exe C:\Users\DCL\AppData\Roaming\npm\node_modules\firebase-tools\lib\bin\firebase.js init
[debug] [2023-10-10T21:41:04.127Z] CLI Version:   12.3.1
[debug] [2023-10-10T21:41:04.127Z] Platform:      win32
[debug] [2023-10-10T21:41:04.128Z] Node Version:  v16.14.0
[debug] [2023-10-10T21:41:04.129Z] Time:          Wed Oct 11 2023 03:41:04 GMT+0600 (Bangladesh Standard Time)
[debug] [2023-10-10T21:41:04.130Z] ----------------------------------------------------------------------
[debug] 
[debug] [2023-10-10T21:41:04.137Z] >>> [apiv2][query] GET https://firebase-public.firebaseio.com/cli.json [none]
[debug] [2023-10-10T21:41:04.183Z] > command requires scopes: ["email","openid","https://www.googleapis.com/auth/cloudplatformprojects.readonly","https://www.googleapis.com/auth/firebase","https://www.googleapis.com/auth/cloud-platform"]
[debug] [2023-10-10T21:41:04.184Z] > authorizing via signed-in user (nafeesshawon555@gmail.com)
[info] 
     ######## #### ########  ######## ########     ###     ######  ########
     ##        ##  ##     ## ##       ##     ##  ##   ##  ##       ##
     ######    ##  ########  ######   ########  #########  ######  ######
     ##        ##  ##    ##  ##       ##     ## ##     ##       ## ##
     ##       #### ##     ## ######## ########  ##     ##  ######  ########

You're about to initialize a Firebase project in this directory:

  C:\Projects\interview-test-project

Before we get started, keep in mind:

  * You are currently outside your home directory

[debug] [2023-10-10T21:41:04.918Z] <<< [apiv2][status] GET https://firebase-public.firebaseio.com/cli.json 200
[debug] [2023-10-10T21:41:04.919Z] <<< [apiv2][body] GET https://firebase-public.firebaseio.com/cli.json {"cloudBuildErrorAfter":1594252800000,"cloudBuildWarnAfter":1590019200000,"defaultNode10After":1594252800000,"minVersion":"3.0.5","node8DeploysDisabledAfter":1613390400000,"node8RuntimeDisabledAfter":1615809600000,"node8WarnAfter":1600128000000}
